
   This source code has included the following optional modules:
 _____________________________________________________________________________________________________________________________
      1 - MOX Models Present (v4)
      2 - Speed Models Present
      3 - Fortran-90 Code Present
      4 - BIG_ENDIAN File Conversion Flag Active for I/O
      5 - Pin Heavy Metal Loading Model Present
      6 - Integrated Pin Exposure Model Present
 _____________________________________________________________________________________________________________________________

 Installed Dimension Limits:
 Assembly Core Maps . . . .(34,34)            Control Rod Assembly Types . . 20           Core Flow Orificing Zones. . . 10
 Nodal Core Maps. . . . . .(40,40)            Control Rod Axial Zones. . . .  7           Editing Batches. . . . . . . .500
 Axial Nodes. . . . . . . . . . 52            Control Rod Groups . . . . . .150           TAB.TFU/XKS. .  20 Tables (10, 5)
 Fuel Segment Types . . . . . .200            Control Sequence Passes. . . . 50           Axial Buckling Table Points. . 15
 Fuel Assembly Types. . . . . .200            Depletion Arguments. . . . . . 30           Real Detector Locations. . . .250
 Fuel Assembly Axial Zones. . . 19            Depletion Steps per Case . . .501           RES Input Restart Files. . . . 50
 Fuel Mechanical Types. . . . . 20            PRI.INP(20)     PRI.STA(50)                 WRE Restart File Requests. . .501
 Fuel Spacer Locations. . . . . 20            PIN.EDT(50)
 Total Storage (Words). . .DYNAMIC            PRI.ITE(10)     PRI.MAC(10)
                                              PRI.DFS(10)     BAT.EDT(50)

 ----Listing of Input Cards - 288 Columns---- 

 'RES' '../cycle1.res' 0.0/
  
 'FUE.TYP'  1, 5 3 4 5 5 2 6 4 5/
 'FUE.TYP'  2, 3 6 5 2 4 4 4 6 4/
 'FUE.TYP'  3, 4 5 6 4 2 2 6 3 1/
 'FUE.TYP'  4, 5 2 4 5 5 2 6 4 0/
 'FUE.TYP'  5, 5 4 2 5 2 6 4 2 0/
 'FUE.TYP'  6, 2 4 2 2 6 5 2 0 0/
 'FUE.TYP'  7, 6 4 6 6 4 2 0 0 0/
 'FUE.TYP'  8, 4 6 3 4 2 0 0 0 0/
 'FUE.TYP'  9, 5 4 1 0 0 0 0 0 0/
  
  
 'COR.OPE' 100.0, 100.0, 2250.0/
 'COR.TIN' 550.0/
  
 'DEP.STA' 'AVE' 0.0 0.5 1 2 -1 20 /
 'COM' The following performs an automated search on cycle length at a boron concentration of 10 ppm
 'ITE.SRC' 'SET' 'EOLEXP' , , 0.02, , , , , , 'MINBOR' 10., , , , , 4, 4, , , /
 'STA'/
 'END'/
1S I M U L A T E - 3 ** Studsvik CMS Steady-State 3-D Reactor Simulator ** 1.00.02 _BASE   INT Created 12/05/08 ** Page    1
 Run: RUN NAME  ** Project: PROJECT NAME             ** Run Time: 16.44.30.** Date: 2021/10/18    100.0% Flow  100.0% Power
 Case  1 Step  0                                                                                    0.00 ppm    0.000 GWd/MT  

 CASE   1  --- Entering Input Segment ---
           --- Reading Input Cards ---
 _____________________________________________________________________________________________________________________________
 
 Input Cards:  RES    
 _____________________________________________________________________________________________________________________________

 RES - Begin to reload the core
 _____________________________________________________________________________________________________________________________

 RES - Opening restart file:../cycle1.res
       Looking for exposure     0.0000

 Reading PWR Restart file created by SIMULATE-3 version:1.00.02 
 TIT.RUN = RUN NAME TIT.PRO = GENERIC PWR EQUILIBR
 TIT.CAS = PWR CYCLE 1 U02 CORE - NOMINAL CYCLE                                            
 DEP.CYC = CYCLE01  Step exposure =       0.0000  Core average exposure =   0.0000
 Run Time = 17.35.39  Run Date = 17/10/07

  Parameters on Restart File:
  Parameter  Restart  Installed      Parameter  Restart  Installed      Parameter  Restart  Installed     
  ---------  -------  ---------      ---------  -------  ---------      ---------  -------  ---------     
  LIMSEG         200        200      LIMHYD           5          5      LIMID          40         40
  LIMIDA          34         34      LIMJD           40         40      LIMKD          52         52
  LIMMAP         250        250      LIMMDA          20         20      LIMMDB         30         30
  LIMFUE         200        200      LIMNHT          10         10      LIMPAS         50         50
  LIMRAY         150        150      LIMREG          19         19      LIMBTL        500        500
  LIMTFU           4          4      LIMZON          20         20      LMNHYD         20         20
  LIMBSQ          15         15      LIMGRD          35         35      LIMSPA         20         20
  LCRZON           7          7      LIMCRD          20         20      ICLDIM   30000000   30000000
  LIMBTS         500        500      LIMDEP         501        501      LIMWTR          3          3
  LIMSUP           8          8      LIMRES          50         50      LIMWRE        501        501
  LIMSET          20         20      LIMWLW          10         10      LIMLOK         10         10
  LIMGT           25         25      LMRODS          15         15      LIMELE          8          8
  LIMWLP          10         10      LIMLKG           3          3      LIMCYC        300        300
  LIMBAT          50         50

 Maximum length of segment/fuel type names on restart file: 20 characters

 Restart File DIM.CAL:  KDFUEL = 12, IHAVE = 2, IF2X2 = 2, Core Symmetry = ROTATION
 RESTART FILE DIM.DEP:  EXP , SAM , HBOR, HTMO, PIN , EBP , HTF 

 DIM.PWR and DIM.CAL Specify Calculation Dimensions:

 Full Core Assembly Map Width . IAFULL  15
 Control Rod Map Width  . . . . . IRMX  15                                              Rows     Columns
 Detector Map Width . . . . . . . ILMX  15        FUE.TYP Dimensions(+Reflector) IDR       9      JDR  9
 Offset Assemblies Flag . . . . IOFSET   0        FUE.MAP Dimensions . . . . . . IDA       8      JDA  8
 Axial Nodes (Incl. Refl.). . . . . KD  14        QTR.MAP Dimensions . . . . . . .ID      16      JD  16
 Core Fraction Flag . . . . . . .IHAVE   2        Depletion Arguments  . . . . . .ND      18
 Node Mesh per Assembly . . . . .IF2X2   2
 Reflector Layers . . . . . . . . NREF   1
 Radial Core Fraction . . . . . .    0.250
 

 DIM.DEP - Depletion Argument Assignments:

  1   IOD  - Iodine-135 - atoms/(bn-cm)       
  2   XEN  - Xenon-135 - atoms/(bn-cm)        
  3   PRO  - Promethium-149 - atoms/(bn-cm)   
  4   SAM  - Samarium-149 - atoms/(bn-cm)     
  5   EXP  - Exposure - GWd/t                 
  6   HBOR - Moderator Boron History - ppm    
  7   HTMO - Moderator Density History - g/cc 
  8   EBP  - Burnable Poison Exposure - GWd/t 
  9   HTFU - Fuel Temperature History -SQRT(K)
 10   EY-  - Surface Exposure - Y minus       
 11   EX+  - Surface Exposure - X plus        
 12   EY+  - Surface Exposure - Y plus        
 13   EX-  - Surface Exposure - X minus       
 14   HIS  - Spectral History - Average       
 15   HY-  - Spectral History - Y minus       
 16   HX+  - Spectral History - X plus        
 17   HY+  - Spectral History - Y plus        
 18   HX-  - Spectral History - X minus       
 
1S I M U L A T E - 3 ** Studsvik CMS Steady-State 3-D Reactor Simulator ** 1.00.02 _BASE   INT Created 12/05/08 ** Page    2
 Run: RUN NAME  ** Project: GENERIC PWR EQUILIBR     ** Run Time: 16.44.30.** Date: 2021/10/18    100.0% Flow  100.0% Power
 Case  1 Step  0 PWR CYCLE 1 U02 CORE - NOMINAL CYCLE                                               0.00 ppm    0.000 GWd/MT  
 DIM.MEM - Dynamic Memory Allocation

 Allocating 30000000 words to the container                                                          

 RES - Logical Flags Controlling the Reloading Process:

 Shuffling is according to new FUE.LAB  - F
 Shuffling is according to new FUE.SER  - F
 Reloading is direct, without shuffle   - T
 All input is taken from this file      - T
 Only depletion arguments are taken     - F
 Rotations are according to new FUE.ROT - F

 Input Cards:  FUE.TYP, FUE.TYP, FUE.TYP, FUE.TYP, FUE.TYP, FUE.TYP, FUE.TYP, FUE.TYP, FUE.TYP, COR.OPE, COR.TIN, DEP.STA
 ** Note    -   ITESRC   - ITE.SRC - EOLEXP Search requested with KEF as target
 Input Cards:  COM    , ITE.SRC, STA    
 
 ** Caution -   NO3PIN   - BAT.EDT - Batch edit request for 3PIN ignored --only Q or N prefix is valid for this quantity
 ** Caution -   NO3XPO   - BAT.EDT - Batch edit request for 3XPO ignored --only Q or N prefix is valid for this quantity
 ** Caution -   NO2PIN   - BAT.EDT - Batch edit request for 2PIN ignored --only Q or N prefix is valid for this quantity
 ** Caution -   NO2XPO   - BAT.EDT - Batch edit request for 2XPO ignored --only Q or N prefix is valid for this quantity
1S I M U L A T E - 3 ** Studsvik CMS Steady-State 3-D Reactor Simulator ** 1.00.02 _BASE   INT Created 12/05/08 ** Page    3
 Run: RUN NAME  ** Project: GENERIC PWR EQUILIBR     ** Run Time: 16.44.30.** Date: 2021/10/18    100.0% Flow  100.0% Power
 Case  1 Step  0 PWR CYCLE 1 U02 CORE - NOMINAL CYCLE                                            1774.20 ppm    0.000 GWd/MT  
 _____________________________________________________________________________________________________________________________

 SEG.LIB - Assignment of Cross Section Library Members to Segments
 LIB     - ./cms.pwr-all.lib
 Library                  Major  Minor  Assigned to    ---         Run Title / Date and Time ---
 Name                     Flag   Flag     Segment

 PWRU250G16                   0      0       6      GENERIC PWR MODEL  - FUEL PWRU250W12 BASE AND BRANCHES
                                                    17/10/07   17:55:25   1.00.02
 PWRU320G16                   0      0       8      GENERIC PWR MODEL  - FUEL PWRU250W12 BASE AND BRANCHES
                                                    17/10/07   17:55:25   1.00.02
 PWRU200C00                   0      0       4      GENERIC PWR MODEL - FUEL PWRU200C00 BASE AND BRANCHES
                                                    17/10/07   17:55:25   1.00.02
 PWRU250C00                   0      0       5      GENERIC PWR MODEL - FUEL PWRU250C00 BASE AND BRANCHES
                                                    17/10/07   17:55:25   1.00.02
 PWRU320C00                   0      0       7      GENERIC PWR MODEL - FUEL PWRU320C00 BASE AND BRANCHES
                                                    17/10/07   17:55:25   1.00.02
 RADREF                       0      0       1      GENERIC PWR MODEL - RADIAL BAFFLE/REFLECTOR
                                                    17/10/07   17:55:25   1.00.02
 TOPREF                       0      0       2      GENERIC PWR MODEL - PWR TOP AXIAL  REFLECTOR
                                                    17/10/07   17:55:25   1.00.02
 BOTREF                       0      0       3      GENERIC PWR MODEL - PWR BOTTOM REFLECTOR
                                                    17/10/07   17:55:25   1.00.02
 
 Library created by CMS-Link version: 1.00.02 at 17:55:25 on 2017/10/07
1S I M U L A T E - 3 ** Studsvik CMS Steady-State 3-D Reactor Simulator ** 1.00.02 _BASE   INT Created 12/05/08 ** Page    4
 Run: RUN NAME  ** Project: GENERIC PWR EQUILIBR     ** Run Time: 16.44.30.** Date: 2021/10/18    100.0% Flow  100.0% Power
 Case  1 Step  0 PWR CYCLE 1 U02 CORE - NOMINAL CYCLE                                            1774.20 ppm    0.000 GWd/MT  
 _ _ _ _ _ _ _ _ _ _ _ _ _ _ _ _ _ _ _ _ _ _ _ _ _ _ _ _ _ _ _ _ _ _ _ _ _ _ _ _ _ _ _ _ _ _ _ _ _ _ _ _ _ _ _ _ _ _ _ _ _ _ _ 

 Summary of Library Parameters
                            Seg=1   Total   Heated   Fission   DFS Group 1   DFS Group 2
 Seg  Name                  Ref=2   Rods     Rods    Product   W  S  E  N    W  S  E  N   MAC+FPD     DFS       Det
 ---- --------------------  -----   -----   ------   -------   ----------    ----------   -------     ---       ---
   1  RADREF                  2       0        0        0      1  1  1  1    1  1  1  1      T         T         T
   2  TOPREF                  2       0        0        0      1  1  1  1    1  1  1  1      T         T         T
   3  BOTREF                  2       0        0        0      1  1  1  1    1  1  1  1      T         T         T
   4  PWRU200C00              1     289      264        4      0  1  0  0    0  1  0  0      T         T         T
   5  PWRU250C00              1     289      264        4      0  1  0  0    0  1  0  0      T         T         T
   6  PWRU250G16              1     289      264        4      0  1  0  0    0  1  0  0      T         T         T
   7  PWRU320C00              1     289      264        4      0  1  0  0    0  1  0  0      T         T         T
   8  PWRU320G16              1     289      264        4      0  1  0  0    0  1  0  0      T         T         T

                              Pressure    Loading    
 Seg  Name                     (psia)      (g/cc)     Steam Table Option      CASMO Version
 ---- --------------------    --------    -------     ------------------    ------------------
   1  RADREF                   2248.1     0.00000       TABLED ASME         CASMO-4E  1.00.02   
   2  TOPREF                   2248.1     0.00000       TABLED ASME         CASMO-4E  1.00.02   
   3  BOTREF                   2248.1     0.00000       TABLED ASME         CASMO-4E  1.00.02   
   4  PWRU200C00               2248.1     2.73564       TABLED ASME         CASMO-4E  1.00.02   
   5  PWRU250C00               2248.1     2.73562       TABLED ASME         CASMO-4E  1.00.02   
   6  PWRU250G16               2248.1     2.73108       TABLED ASME         CASMO-4E  1.00.02   
   7  PWRU320C00               2248.1     2.73559       TABLED ASME         CASMO-4E  1.00.02   
   8  PWRU320G16               2248.1     2.73104       TABLED ASME         CASMO-4E  1.00.02   
 _____________________________________________________________________________________________________________________________

 Print Options:

 Lines/Page  = 80
 Columns/Page=126

 PRI.INP No active edits
 PRI.STA 2EXP    2RPF  
 PRI.FTD Off
 PRI.LIS On 
 PRI.ITE No active edits
 PRI.MAC No active edits
 PRI.DFS No active edits
 AUD.PRI No active edits
 PIN.EDT On      SUMM    2PIN    2PLO  
 DET.EDT No active edits
 BAT.EDT On      ARPF    AEXP    AKIN    3PIN    3XPO    2PIN    2XPO  
 CMS.EDT 2EXP    3EXP    3RPF    3PIN    2PIN    2RPF  
 
 ** Note    -   HYDDLT   - HYD.DLT - Assembly inlet temperatures are modified by HYD.DLT map

 HYD.DLT - F
 I/J =    1      2      3      4      5      6      7      8
  1   0.000  0.000  0.000  0.000  0.000  0.000  0.000  0.000
  2   0.000  0.000  0.000  0.000  0.000  0.000  0.000  0.000
  3   0.000  0.000  0.000  0.000  0.000  0.000  0.000  0.000
  4   0.000  0.000  0.000  0.000  0.000  0.000  0.000  0.000
  5   0.000  0.000  0.000  0.000  0.000  0.000  0.000  0.000
  6   0.000  0.000  0.000  0.000  0.000  0.000  0.000  0.000
  7   0.000  0.000  0.000  0.000  0.000  0.000  0.000  0.000
  8   0.000  0.000  0.000  0.000  0.000  0.000  0.000  0.000
1S I M U L A T E - 3 ** Studsvik CMS Steady-State 3-D Reactor Simulator ** 1.00.02 _BASE   INT Created 12/05/08 ** Page    5
 Run: RUN NAME  ** Project: GENERIC PWR EQUILIBR     ** Run Time: 16.44.30.** Date: 2021/10/18    100.0% Flow  100.0% Power
 Case  1 Step  0 PWR CYCLE 1 U02 CORE - NOMINAL CYCLE                                            1774.20 ppm    0.000 GWd/MT  
           
 ************************************************************************************************************************
 ************************************************************************************************************************
 **********                                              Warning                                               **********
 **********                            Average of delta T'S in above map is not 0.0                            **********
 **********                         0.014 Degrees F is subtracted from above delta T's                         **********
 ************************************************************************************************************************
 ************************************************************************************************************************
           
           
 ************************************************************************************************************************
 ************************************************************************************************************************
 **********                                 Assembly inlet flows are modified                                  **********
 **********                                           by HYD.FLO map                                           **********
 ************************************************************************************************************************
 ************************************************************************************************************************
           

 HYD.FLOW
 I/J =    1      2      3      4      5      6      7      8
  1   1.000  1.000  1.000  1.000  1.000  1.000  1.000  1.000
  2   1.000  1.000  1.000  1.000  1.000  1.000  1.000  1.000
  3   1.000  1.000  1.000  1.000  1.000  1.000  1.000  1.000
  4   1.000  1.000  1.000  1.000  1.000  1.000  1.000  1.000
  5   1.000  1.000  1.000  1.000  1.000  1.000  1.000  1.000
  6   1.000  1.000  1.000  1.000  1.000  1.000  1.000  1.000
  7   1.000  1.000  1.000  1.000  1.000  1.000  1.000  1.000
  8   1.000  1.000  1.000  1.000  1.000  1.000  1.000  1.000
 _____________________________________________________________________________________________________________________________

 Input Summary

 Relative Power. . . . . . PERCTP     100.0000 %           Fuel Assemblies . . . . . . . .      207.0000
 Relative Flow . . . . . . PERCWT     100.0000 %           Fuel Nodes (Assembly Size). . .     2484.0000
 Thermal Power . . . . . . . .CTP    3691.5916 MWt         Assembly Pitch (Cold) . . DXASSM      21.5000 cm
 Core Flow - Metric. . . . . .CWT   65353.3672 MT/hr       Node Height. . (Cold) . . . . DZ      30.4800 cm
           - English . . . . .CWT     144.0771 Mlb/hr      Core Height. . (Cold) . . .HCORE     365.7600 cm
 Rated Power Density . . . POWDEN     105.4800 kW/liter    Core Volume  . (Cold) . . . . .    34998.0234 liters
 Rated Coolant Mass Flux . FLODEN     683.0000 kg/(cm2-hr) Core Fueled Area. . . . . . . .    23921.4375 cm2
 Core Rated Thermal Power. . . .     3691.5916 MWt         Core Loading. . . . . . . . . .       92.8892 metric tons
 Core Rated Flow - Metric. . . .    65353.3672 MT/hr       Fuel Rods in Core . . . . . . .         53064
                 - English . . .      144.0771 Mlb/hr      Fuel Rods In Average Node . . .      264.0000
 Explicit Core Fraction. . . . .        0.2500             Total Fuel Rod Length in Core .    199880.531 meters
 Boundary Conditions . . . .  3                            Core Symmetry . . . . . . . . .        ROTATIONAL
                            +-+-+                          Number of BP Rods at Midplane .             0
                          3 + + +  0
                            +-+-+
                              0    0 (Diag)

1S I M U L A T E - 3 ** Studsvik CMS Steady-State 3-D Reactor Simulator ** 1.00.02 _BASE   INT Created 12/05/08 ** Page    6
 Run: RUN NAME  ** Project: GENERIC PWR EQUILIBR     ** Run Time: 16.44.30.** Date: 2021/10/18    100.0% Flow  100.0% Power
 Case  1 Step  0 PWR CYCLE 1 U02 CORE - NOMINAL CYCLE                                            1774.20 ppm    0.000 GWd/MT  

 Fueled Segments:
                                                                       Burnable     Present      Original
                                                                       Poison       Number       Number
 Seg.                         Loading     Enrichment       PU          Loading      Burnable     Burnable      Equivalent
 Num. Segment Name             (g/cc)       (U235)        (WT%)        (g/cc)       Poison       Poison        Assemblies
 ---- --------------------   ---------   ------------    -------      ----------   ----------   ----------    -----------
   4  PWRU200C00              2.73564      2.00000        ------        ------              0            0         56.000
   5  PWRU250C00              2.73562      2.50000        ------        ------              0            0         12.000
   6  PWRU250G16              2.73108      2.50000        ------        ------              0            0         60.000
   7  PWRU320C00              2.73559      3.20000        ------        ------              0            0         35.000
   8  PWRU320G16              2.73104      3.20000        ------        ------              0            0         44.000

 Reflector Segments:
 Seg.
 Num. Segment Name
 ---- --------------------
  1   RADREF              
  2   TOPREF              
  3   BOTREF              
 
1S I M U L A T E - 3 ** Studsvik CMS Steady-State 3-D Reactor Simulator ** 1.00.02 _BASE   INT Created 12/05/08 ** Page    7
 Run: RUN NAME  ** Project: GENERIC PWR EQUILIBR     ** Run Time: 16.44.30.** Date: 2021/10/18    100.0% Flow  100.0% Power
 Case  1 Step  0 PWR CYCLE 1 U02 CORE - NOMINAL CYCLE                                            1774.20 ppm    0.000 GWd/MT  

 - - - - - - - - - - - - - - - - - - - - - - - - - - - - - - - - - - - - - - - - - - - - - - - - - - - - - - - - - - - - - 
 Fuel Temperature Data (SEG.TFU/TAB.TFU)
 TFU = TMO + A + (B+TABTFU(N))*POWER + C*POWER**2

 Seg
 Num.      Segment Name          A        B        C     TAB.TFU  TAB.XKS  TAB.XK2
 ----  --------------------    -----    -----    -----   -------  -------  -------
   4    PWRU200C00               0.0    217.0     17.0   Table 1  -------  -------
   5    PWRU250C00               0.0    217.0     17.0   Table 1  -------  -------
   6    PWRU250G16               0.0    217.0     17.0   Table 1  -------  -------
   7    PWRU320C00               0.0    217.0     17.0   Table 1  -------  -------
   8    PWRU320G16               0.0    217.0     17.0   Table 1  -------  -------

 - - - - - - - - - - - - - - - - - - - - - - - - - - - - - - - - - - - - - - - - - - - - - - - - - - - - - - - - - - - - - 
 Fuel Temperature Tables (TAB.TFU) (multipliers are extrapolated off ends of tables)

 Table:  1
 Primary Variable (Across):EXP 
 Secondary Variable(Down) :POW 
              0.000     5.000    10.000    15.000    20.000    30.000    40.000    50.000
          --------------------------------------------------------------------------------
   1.000  |  68.200    23.700     3.400     0.000    -1.600    -0.900    -0.600    -2.100
1S I M U L A T E - 3 ** Studsvik CMS Steady-State 3-D Reactor Simulator ** 1.00.02 _BASE   INT Created 12/05/08 ** Page    8
 Run: RUN NAME  ** Project: GENERIC PWR EQUILIBR     ** Run Time: 16.44.30.** Date: 2021/10/18    100.0% Flow  100.0% Power
 Case  1 Step  0 PWR CYCLE 1 U02 CORE - NOMINAL CYCLE                                            1774.20 ppm    0.000 GWd/MT  

 Assembly Physical Descriptions
 ------------------------------

 Assm. Name    : RADIALREF           |   Assm. Name    : ASM200C00           |   Assm. Name    : ASM250C00
 Assm. Sub Type:    1     1          |   Assm. Sub Type:    2     2          |   Assm. Sub Type:    3     3
 Assm. Sub Type:    1     1          |   Assm. Sub Type:    2     2          |   Assm. Sub Type:    3     3
 Assm. Class   : Reflector           |   Assm. Class   : Fuel                |   Assm. Class   : Fuel
 Fuel  Type    : 1                   |   Fuel  Type    : 2                   |   Fuel  Type    : 3
 Mech. Design  : 1                   |   Mech. Design  : 1                   |   Mech. Design  : 1
 Loading (gram): 0.                  |   Loading (gram): 462522.             |   Loading (gram): 462518.
 # Axial Zone  : 3                   |   # Axial Zone  : 3                   |   # Axial Zone  : 3
 # Assm        : 4.000               |   # Assm in Core: 56.000              |   # Assm in Core: 12.000
                                     |                                       |
 **********************  396.240 cm  |   **********************  396.240 cm  |   **********************  396.240 cm
 *     Segment:2      *              |   *     Segment:2      *              |   *     Segment:2      *
 *       TOPREF       *              |   *       TOPREF       *              |   *       TOPREF       *
 *     30.480 cm      *              |   *     30.480 cm      *              |   *     30.480 cm      *
 **********************  365.760 cm  |   **********************  365.760 cm  |   **********************  365.760 cm
 *     Segment:1      *              |   *     Segment:4      *              |   *     Segment:5      *
 *       RADREF       *              |   *     PWRU200C00     *              |   *     PWRU250C00     *
 *     365.760 cm     *              |   *     365.760 cm     *              |   *     365.760 cm     *
 **********************    0.000 cm  |   **********************    0.000 cm  |   **********************    0.000 cm
 *     Segment:3      *              |   *     Segment:3      *              |   *     Segment:3      *
 *       BOTREF       *              |   *       BOTREF       *              |   *       BOTREF       *
 *     30.480 cm      *              |   *     30.480 cm      *              |   *     30.480 cm      *
 **********************  -30.480 cm  |   **********************  -30.480 cm  |   **********************  -30.480 cm

 
1S I M U L A T E - 3 ** Studsvik CMS Steady-State 3-D Reactor Simulator ** 1.00.02 _BASE   INT Created 12/05/08 ** Page    9
 Run: RUN NAME  ** Project: GENERIC PWR EQUILIBR     ** Run Time: 16.44.30.** Date: 2021/10/18    100.0% Flow  100.0% Power
 Case  1 Step  0 PWR CYCLE 1 U02 CORE - NOMINAL CYCLE                                            1774.20 ppm    0.000 GWd/MT  

 Assm. Name    : ASM250G16           |   Assm. Name    : ASM320C00           |   Assm. Name    : ASM320G16
 Assm. Sub Type:    4     4          |   Assm. Sub Type:    5     5          |   Assm. Sub Type:    6     6
 Assm. Sub Type:    4     4          |   Assm. Sub Type:    5     5          |   Assm. Sub Type:    6     6
 Assm. Class   : Fuel                |   Assm. Class   : Fuel                |   Assm. Class   : Fuel
 Fuel  Type    : 4                   |   Fuel  Type    : 5                   |   Fuel  Type    : 6
 Mech. Design  : 1                   |   Mech. Design  : 1                   |   Mech. Design  : 1
 Loading (gram): 461750.             |   Loading (gram): 462513.             |   Loading (gram): 461745.
 # Axial Zone  : 3                   |   # Axial Zone  : 3                   |   # Axial Zone  : 3
 # Assm in Core: 60.000              |   # Assm in Core: 35.000              |   # Assm in Core: 44.000
                                     |                                       |
 **********************  396.240 cm  |   **********************  396.240 cm  |   **********************  396.240 cm
 *     Segment:2      *              |   *     Segment:2      *              |   *     Segment:2      *
 *       TOPREF       *              |   *       TOPREF       *              |   *       TOPREF       *
 *     30.480 cm      *              |   *     30.480 cm      *              |   *     30.480 cm      *
 **********************  365.760 cm  |   **********************  365.760 cm  |   **********************  365.760 cm
 *     Segment:6      *              |   *     Segment:7      *              |   *     Segment:8      *
 *     PWRU250G16     *              |   *     PWRU320C00     *              |   *     PWRU320G16     *
 *     365.760 cm     *              |   *     365.760 cm     *              |   *     365.760 cm     *
 **********************    0.000 cm  |   **********************    0.000 cm  |   **********************    0.000 cm
 *     Segment:3      *              |   *     Segment:3      *              |   *     Segment:3      *
 *       BOTREF       *              |   *       BOTREF       *              |   *       BOTREF       *
 *     30.480 cm      *              |   *     30.480 cm      *              |   *     30.480 cm      *
 **********************  -30.480 cm  |   **********************  -30.480 cm  |   **********************  -30.480 cm

 

 Axial Nodal Boundaries (cm)
 ---------------------------
  15   396.2400
  14   365.7600
  13   335.2800
  12   304.8000
  11   274.3200
  10   243.8400
   9   213.3600
   8   182.8800
   7   152.4000
   6   121.9200
   5    91.4400
   4    60.9600
   3    30.4800
   2     0.0000
   1   -30.4800
 
1S I M U L A T E - 3 ** Studsvik CMS Steady-State 3-D Reactor Simulator ** 1.00.02 _BASE   INT Created 12/05/08 ** Page   10
 Run: RUN NAME  ** Project: GENERIC PWR EQUILIBR     ** Run Time: 16.44.30.** Date: 2021/10/18    100.0% Flow  100.0% Power
 Case  1 Step  0 PWR CYCLE 1 U02 CORE - NOMINAL CYCLE                                            1774.20 ppm    0.000 GWd/MT  


 Grid Location Information
 -------------------------
 Axial Location(cm)   Thickness(cm)     Type
 ------------------   -------------     ----
      3.154              3.358          GRD
     65.204              3.358          GRD
    117.404              3.358          GRD
    169.604              3.358          GRD
    221.804              3.358          GRD
    273.994              3.358          GRD
    326.194              3.358          GRD
 
1S I M U L A T E - 3 ** Studsvik CMS Steady-State 3-D Reactor Simulator ** 1.00.02 _BASE   INT Created 12/05/08 ** Page   11
 Run: RUN NAME  ** Project: GENERIC PWR EQUILIBR     ** Run Time: 16.44.30.** Date: 2021/10/18    100.0% Flow  100.0% Power
 Case  1 Step  0 PWR CYCLE 1 U02 CORE - NOMINAL CYCLE                                            1774.20 ppm    0.000 GWd/MT  

 Control Rod Descriptions
 ------------------------
 CRD.  Name    : AGINCD
 CRD.  Type    : 1
 Mech. Descrip : 1: PWR Finger
 # Axial Zone  : 2
 **********************  365.760 cm
 *      TYPE:10       *
 *GRAY FACTOR:  1.000 *
 *     358.017 cm     *
 **********************    7.743 cm
 *       TYPE:0       *
 *GRAY FACTOR:  1.000 *
 *      7.743 cm      *
 **********************    0.000 cm


 _ _ _ _ _ _ _ _ _ _ _ _ _ _ _ _ _ _ _ _ _ _ _ _ _ _ _ _ _ _ _ _ _ _ _ _ _ _ _ _ _ _ _ _ _ _ _ _ _ _ _ _ _ _ _ _ _ _ _ _ _ _ _ 

 Fuel Mechanical Designs           1
 Total Pins                      289
 Fuel Pins                       264
 Non-Fuel Pins                    25
 Number of Assemblies        51.7500

1S I M U L A T E - 3 ** Studsvik CMS Steady-State 3-D Reactor Simulator ** 1.00.02 _BASE   INT Created 12/05/08 ** Page   12
 Run: RUN NAME  ** Project: GENERIC PWR EQUILIBR     ** Run Time: 16.44.30.** Date: 2021/10/18    100.0% Flow  100.0% Power
 Case  1 Step  0 PWR CYCLE 1 U02 CORE - NOMINAL CYCLE                                            1774.20 ppm    0.000 GWd/MT  

 _____________________________________________________________________________________________________________________________


 ERR.CHK - SYMROT - Expand to full core to check FUE.SUB/ROT for requested quarter core rotational symmetry              

 ERR.CHK - SYMROT - Core Layout Passes Symmetry Check on Full Core FUE.SUB/ROT

1S I M U L A T E - 3 ** Studsvik CMS Steady-State 3-D Reactor Simulator ** 1.00.02 _BASE   INT Created 12/05/08 ** Page   13
 Run: RUN NAME  ** Project: GENERIC PWR EQUILIBR     ** Run Time: 16.44.30.** Date: 2021/10/18    100.0% Flow  100.0% Power
 Case  1 Step  0 PWR CYCLE 1 U02 CORE - NOMINAL CYCLE                                            1774.20 ppm    0.000 GWd/MT  

 Option Summary
 -------------------------------------------------- File Information ------------------------------------------------------
 Model                                       Status                    Related Input Card                Defined
 -----                                       ------                    ------------------                -------
 Error Checking                              On                        ERR.CHK                           Restart File            
 Cross Sections                              CMS-Link Library          LIB                               Restart File
 Read  Restart                               Read Restart File         RES                               User Input              
 Read  Restart with Labels                   No                        RES.LAB                           Default                 
 Write Restart File                          No                        WRE                               Default                 
 Write Restart File with Labels              No                        WRE.LAB                           Default                 
 Write ASCII Restart File                    No                        WRI                               Default                 
 Write SUMMARY File                          Yes                       PRI.SUM                           Default                 
 PIN FILE                                    Off                       PIN.FIL                           Default                 
 Write KINETICS File                         Off                       KIN.EDT                           Default                 
 Write CMS-View Data File                    ON                        CMS.EDT                           Restart File            

 -------------------------------------------------- Calculation Information -----------------------------------------------
 Model                                       Status                    Related Input Card                Defined
 -----                                       ------                    ------------------                -------
 Depletion Units                             GWd/MT                    DEP.UNI                           Restart File            
 Depletion Power Shape                       Ave                       DEP.STA                           User Input              
 Fission Product Option                      EQ. I,XE, DEPL. PM,SM     DEP.FPD (Set by DEP.STA)          Restart File            
 Soluble Boron Depletion Model               Off                       DEP.BOR                           Default                 
 Soluble Boron Search                        Boron Search Active       ITE.BOR                           Restart File            
 Eigenvalue Calculation                      No K-effective Calc.      ITE.KEF                           Restart File            
 Automated Searches                          On                        ITE.SRC                           User Input              
 High Worth Rod Calc.                        Off                       ITE.HWR                           Default                 
 Neutronics Model                            2 Grp QPANDA -Conv. XS    ITE.SOL                           Restart File
 MOX Models                                  OFF                       ITE.MOX                           Restart File            
 Two-In-Row Convergence                      Off                       ITE.TWO                           Restart File            
 Speed Option                                On                        ITE.SPD                           Restart File            
   Speed Cross Sections                      On                        ITE.SPD                           Restart File            
   Speed Flux Iterations                     On                        ITE.SPD                           Restart File            
   Alternate Coupling Coefficients           On                        ITE.SPD                           Restart File            
 Perform Audit of Data Library               Off                       AUD.PRI                           Default                 
 Input Scan Only                             No                        STA                               Default                 
 Adjoint Calculation                         Off                       KIN.EDT                           Default                 
 Reactivity Perturb. Calc.                   Off                       PRT.COE                           Default                 
 Hydraulic Iteration Option                  On                        HYD.ITE/COR.OPE/COR.MWT           Restart File            
 Fuel Temperature Fit                        On                        SEG.TFU                           Restart File            
 Inlet Temperature Versus Power              Off                       PWR.OPT                           Restart File            
 Steam Table Option                          Tabled ASME               COR.STM                           Restart File            
 Perturb Base Conditions                     Off                       SAV.BAS                           Default                 
 Use Perturbed Base Conditions               Off                       USE.BAS                           Default                 
 Grid Model by Mech. Type                    Off                       GRD.EDT                           Restart File            
 Grid Model by Segment                       On                        FUE.GRD/SEG.GRD                   Restart File            
 Control Rod Cusping Model                   On                        CRD.CSP                           Restart File            
 Automated Control Rod Calc.                 None                      CRD.ICB/OCB/TRP/                  Default     
 CRD.SET                                     Inactive                  CRD.SET                           Default                 
 Shutdown Cooling Model                      On                        FUE.SDC                           Default                 
 Print Pin Power Reconstruction Data         On                        PIN.EDT                           Restart File            
 Pin Loadings in Exposure Calculation        Off                       PIN.LOA                           Restart File            
 Integrated Pin Exposure Model               Off                       PIN.IPE                           Restart File            
 Print Statepoint Parameters                 On                        PRI.STA                           Restart File            
 Print Isotopics                             Off                       PRI.ISO                           Default                 
 Print File Trail Data                       Off                       PRI.FTD                           Restart File            
 Batch Edits                                 On                        BAT.EDT                           Restart File            

 Memory required was 1536702 / 30000000 ( 5.12 % )

1S I M U L A T E - 3 ** Studsvik CMS Steady-State 3-D Reactor Simulator ** 1.00.02 _BASE   INT Created 12/05/08 ** Page   14
 Run: RUN NAME  ** Project: GENERIC PWR EQUILIBR     ** Run Time: 16.44.30.** Date: 2021/10/18    100.0% Flow  100.0% Power
 Case  1 Step  0 PWR CYCLE 1 U02 CORE - NOMINAL CYCLE                                            1774.20 ppm    0.000 GWd/MT  

 Case   1  --- Entering Neutronics Iterations ---
 ** Warning -   OLDGRD   - FUE.GRD - OLD grid model is turned on - consider upgrading to NEW grid model
 _____________________________________________________________________________________________________________________________

 Depletion Statepoint List =      0.000     0.500     1.000     2.000     3.000     4.000     5.000     6.000     7.000
                                  8.000     9.000    10.000    11.000    12.000    13.000    14.000    15.000    16.000
                                 17.000    18.000    19.000    20.000

 Cycle exposure at end of this step = 0.0000 GWd/MT                                                  

 Depletion step used = 0.000* (0.5 beginning of step power + 0.5 end of step power)                  


 Active Iteration Levels :          ITE.LIM :       Calculation Options :
 Use Flat Power Initial Guess. . . . . . . .F       Fix Independent Variables . . .F
 Hydraulic Iteration . . . . . . . .NHMAX  40       Use Cross Section Library . . .T
 Source Iterations . . . . . . . . .NSMAX   4       Discontinuity Factors . . . . .T
 Inner Flux Iterations . . . . . . .NSIMAX  8       Isothermal Hydraulic Option . .F
 Coupling Coefficient Iterations . .NQMAX  40       Boron Search Option . . . . . .T
 Convergence - Flux   5.0E-04  Keff   5.0E-05       Pin Reconstruction Option . . .T
 Initial Keff 1.00000         Shift   3.0E-02       Neutronic Option (ITE.SOL). . .0


 _____________________________________________________________________________________________________________________________

 PIN.PIN - Cross Section Library Includes Pin Power Reconstruction Data

     Segment #      6 Data extracted for SIMNAM PWRU250G16           Major = 0
                      Detector data available for detector isotopes:   92235.  99999.  45103.

     Segment #      8 Data extracted for SIMNAM PWRU320G16           Major = 0
                      Detector data available for detector isotopes:   92235.  99999.  45103.

     Segment #      4 Data extracted for SIMNAM PWRU200C00           Major = 0
                      Detector data available for detector isotopes:   92235.  99999.  45103.

     Segment #      5 Data extracted for SIMNAM PWRU250C00           Major = 0
                      Detector data available for detector isotopes:   92235.  99999.  45103.

     Segment #      7 Data extracted for SIMNAM PWRU320C00           Major = 0
                      Detector data available for detector isotopes:   92235.  99999.  45103.

     Segment #      1 Data extracted for SIMNAM RADREF               Major = 0
                      Detector data available for detector isotopes:   92235.  99999.  45103.

     Segment #      2 Data extracted for SIMNAM TOPREF               Major = 0
                      Detector data available for detector isotopes:   92235.  99999.  45103.

     Segment #      3 Data extracted for SIMNAM BOTREF               Major = 0
                      Detector data available for detector isotopes:   92235.  99999.  45103.

     The run-time pin library size (in words) =   123648
1S I M U L A T E - 3 ** Studsvik CMS Steady-State 3-D Reactor Simulator ** 1.00.02 _BASE   INT Created 12/05/08 ** Page   15
 Run: RUN NAME  ** Project: GENERIC PWR EQUILIBR     ** Run Time: 16.44.30.** Date: 2021/10/18    100.0% Flow  100.0% Power
 Case  1 Step  0 PWR CYCLE 1 U02 CORE - NOMINAL CYCLE                                            1774.20 ppm    0.000 GWd/MT  
 _____________________________________________________________________________________________________________________________
 Control Rod Withdrawal Map ( -- Indicates fully withdrawn to 226 Steps ( 358.775 cm) )
 CRD positions defined by CRD.ARO with no core symmetry applied by CRD.SYM
 IR/JR =    1   2   3   4   5   6   7     8     9  10  11  12  13  14  15
 
   1
   2                           --        --        --
   3                               --          --
   4                   --      --                  --      --
   5                       --                          --
   6           --      --      --        --        --      --      --
   7               --              --          --              --
 
   8           --              --                  --              --
 
   9               --              --          --              --
  10           --      --      --        --        --      --      --
  11                       --                          --
  12                   --      --                  --      --
  13                               --          --
  14                           --        --        --
  15

 Total control rod positions withdrawn in full core =  10848
